{
  "RSpec": {
    "coverage": {
      "/Users/TheWhip/Work/twichblade/lib/twichblade.rb": [
        1,
        null,
        null,
        1,
        1,
        1,
        1,
        1,
        1,
        1,
        1,
        1
      ],
      "/Users/TheWhip/Work/twichblade/lib/twichblade/database_connection.rb": [
        1,
        1,
        1,
        null,
        1,
        3,
        3,
        null,
        null,
        1,
        null
      ],
      "/Users/TheWhip/Work/twichblade/lib/twichblade/user.rb": [
        1,
        1,
        null,
        1,
        11,
        11,
        11,
        11,
        null,
        null,
        1,
        2,
        2,
        2,
        1,
        1,
        null,
        1,
        null,
        null,
        null,
        1,
        5,
        5,
        5,
        3,
        3,
        null,
        2,
        2,
        null,
        null,
        null,
        1,
        1,
        1,
        null,
        null,
        1,
        3,
        null,
        null,
        1,
        1,
        1,
        null,
        null,
        null
      ],
      "/Users/TheWhip/Work/twichblade/lib/twichblade/twichblade_cli.rb": [
        1,
        1,
        null,
        1,
        16,
        null,
        null,
        1,
        1,
        null,
        null,
        1,
        1,
        null,
        null,
        1,
        1,
        null,
        null,
        1,
        1,
        null,
        null,
        1,
        5,
        1,
        null,
        4,
        4,
        4,
        1,
        3,
        2,
        null,
        1,
        null,
        null,
        null,
        null,
        1,
        8,
        1,
        7,
        1,
        1,
        1,
        6,
        1,
        1,
        5,
        2,
        2,
        1,
        1,
        null,
        1,
        null,
        3,
        1,
        1,
        1,
        2,
        1,
        1,
        1,
        1,
        1,
        1,
        null,
        null,
        null,
        1,
        0,
        0,
        0,
        0,
        0,
        0,
        0,
        0,
        0,
        null,
        null,
        null,
        null,
        1,
        1,
        4,
        4,
        4,
        4,
        null,
        null,
        1,
        1,
        1,
        null,
        null,
        1,
        0,
        null,
        null,
        1,
        0,
        null,
        null,
        1,
        2,
        2,
        null,
        null,
        1,
        1,
        1,
        null,
        null,
        1,
        1,
        1,
        null,
        null,
        1,
        0,
        null,
        null,
        null
      ],
      "/Users/TheWhip/Work/twichblade/lib/twichblade/tweet.rb": [
        1,
        1,
        1,
        11,
        11,
        11,
        11,
        null,
        null,
        1,
        10,
        10,
        9,
        null,
        1,
        null,
        null,
        null,
        1,
        2,
        null,
        null,
        null
      ],
      "/Users/TheWhip/Work/twichblade/lib/twichblade/timeline.rb": [
        1,
        1,
        1,
        7,
        7,
        null,
        null,
        1,
        7,
        7,
        null,
        null,
        null
      ],
      "/Users/TheWhip/Work/twichblade/lib/twichblade/search.rb": [
        1,
        1,
        1,
        9,
        9,
        null,
        null,
        1,
        7,
        7,
        5,
        null,
        2,
        null,
        null,
        null,
        null
      ],
      "/Users/TheWhip/Work/twichblade/lib/twichblade/retweet.rb": [
        1,
        1,
        null,
        1,
        2,
        2,
        2,
        2,
        2,
        2,
        null,
        null,
        1,
        1,
        1,
        null,
        null,
        null
      ],
      "/Users/TheWhip/Work/twichblade/lib/twichblade/follow.rb": [
        1,
        1,
        1,
        6,
        6,
        6,
        null,
        null,
        1,
        5,
        3,
        3,
        null,
        2,
        null,
        null,
        null,
        1,
        1,
        5,
        null,
        null,
        1,
        4,
        1,
        null,
        3,
        null,
        null,
        null,
        null
      ],
      "/Users/TheWhip/Work/twichblade/lib/twichblade/wall.rb": [
        1,
        1,
        null,
        1,
        2,
        2,
        null,
        null,
        1,
        2,
        6,
        null,
        null,
        1,
        1,
        2,
        2,
        2,
        4,
        2,
        null,
        null,
        null
      ],
      "/Users/TheWhip/Work/twichblade/spec/twichblade/database_connection_spec.rb": [
        1,
        null,
        1,
        1,
        1,
        1,
        1,
        1,
        null,
        null,
        null
      ],
      "/Users/TheWhip/Work/twichblade/spec/twichblade/follow_spec.rb": [
        1,
        null,
        1,
        null,
        1,
        2,
        1,
        3,
        3,
        null,
        1,
        3,
        3,
        null,
        null,
        1,
        1,
        1,
        1,
        1,
        null,
        null,
        1,
        1,
        1,
        1,
        1,
        null,
        null,
        1,
        2,
        null,
        1,
        1,
        1,
        null,
        null,
        null,
        null,
        null
      ],
      "/Users/TheWhip/Work/twichblade/spec/twichblade/rtweet_spec.rb": [
        1,
        null,
        1,
        1,
        1,
        2,
        null,
        2,
        1,
        1,
        1,
        null,
        1,
        1,
        1,
        null,
        null,
        1,
        1,
        null,
        null,
        1,
        1,
        1,
        1,
        1,
        null,
        null,
        null,
        null
      ],
      "/Users/TheWhip/Work/twichblade/spec/twichblade/search_spec.rb": [
        1,
        null,
        1,
        1,
        2,
        3,
        3,
        null,
        1,
        1,
        1,
        1,
        null,
        null,
        1,
        1,
        1,
        1,
        null,
        null,
        null
      ],
      "/Users/TheWhip/Work/twichblade/spec/twichblade/timeline_spec.rb": [
        1,
        null,
        1,
        1,
        2,
        2,
        1,
        1,
        1,
        null,
        null,
        1,
        1,
        3,
        1,
        1,
        null,
        null,
        null
      ],
      "/Users/TheWhip/Work/twichblade/spec/twichblade/tweet_spec.rb": [
        1,
        null,
        1,
        null,
        1,
        2,
        3,
        1,
        2,
        2,
        null,
        2,
        2,
        null,
        1,
        1,
        1,
        null,
        null,
        1,
        1,
        1,
        null,
        null,
        null
      ],
      "/Users/TheWhip/Work/twichblade/spec/twichblade/twichblade_cli_spec.rb": [
        1,
        null,
        1,
        1,
        2,
        1,
        16,
        16,
        null,
        17,
        3,
        1,
        4,
        1,
        null,
        1,
        2,
        null,
        null,
        1,
        1,
        1,
        null,
        null,
        1,
        2,
        null,
        null,
        1,
        2,
        null,
        null,
        1,
        1,
        1,
        1,
        1,
        1,
        1,
        null,
        null,
        1,
        1,
        1,
        1,
        1,
        1,
        null,
        null,
        1,
        1,
        2,
        null,
        null,
        1,
        1,
        1,
        2,
        null,
        null,
        null,
        1,
        9,
        null,
        1,
        1,
        1,
        1,
        1,
        1,
        null,
        null,
        1,
        1,
        1,
        1,
        1,
        null,
        null,
        1,
        1,
        1,
        null,
        null,
        1,
        1,
        1,
        1,
        1,
        null,
        null,
        1,
        1,
        1,
        2,
        null,
        null,
        1,
        1,
        1,
        1,
        1,
        null,
        null,
        2,
        null,
        1,
        1,
        1,
        1,
        1,
        null,
        null,
        null,
        2,
        null,
        1,
        1,
        1,
        1,
        1,
        null,
        null,
        1,
        1,
        1,
        null,
        null,
        null,
        null
      ],
      "/Users/TheWhip/Work/twichblade/spec/twichblade/user_spec.rb": [
        1,
        null,
        1,
        1,
        2,
        8,
        1,
        7,
        7,
        null,
        5,
        4,
        null,
        1,
        1,
        1,
        1,
        null,
        null,
        1,
        2,
        null,
        null,
        null,
        1,
        1,
        1,
        1,
        null,
        null,
        1,
        2,
        null,
        null,
        1,
        1,
        1,
        null,
        null,
        1,
        2,
        null,
        null,
        null,
        1,
        1,
        1,
        1,
        null,
        null,
        null,
        null
      ],
      "/Users/TheWhip/Work/twichblade/spec/twichblade/wall_spec.rb": [
        1,
        null,
        1,
        1,
        2,
        1,
        1,
        1,
        1,
        1,
        1,
        1,
        null,
        1,
        1,
        1,
        1,
        null,
        null,
        1,
        1,
        1,
        1,
        null,
        null,
        null
      ]
    },
    "timestamp": 1442911993
  }
}
